<?xml version="1.0" encoding="UTF-8"?>
<!-- Generated by org.testng.reporters.JUnitXMLReporter -->
<testsuite hostname="DESKTOP-IU5ST9A" ignored="0" name="Test" tests="8" failures="0" timestamp="22 Sep 2018 10:56:40 GMT" time="361.249" errors="0">
  <testcase name="@AfterTest wordOutput" time="4.381" classname="automationDailyReport.MultipleJobSearch">
    <failure type="java.lang.NullPointerException">
      <![CDATA[java.lang.NullPointerException
at automationDailyReport.MultipleJobSearch.wordOutput(MultipleJobSearch.java:90)
... Removed 24 stack frames]]>
    </failure>
  </testcase> <!-- @AfterTest wordOutput -->
  <testcase name="@AfterTest wordOutput" time="0.0" classname="automationDailyReport.SigninAndLogout">
    <skipped/>
  </testcase> <!-- @AfterTest wordOutput -->
  <testcase name="@AfterTest wordOutput" time="0.0" classname="automationDailyReport.SignupAndDeleteProfile">
    <skipped/>
  </testcase> <!-- @AfterTest wordOutput -->
  <testcase name="details" time="33.092" classname="automationDailyReport.JobCompanyResumeCount"/>
  <testcase name="signin" time="53.129" classname="automationDailyReport.SignupAndDeleteProfile"/>
  <testcase name="signin" time="36.66" classname="automationDailyReport.SigninAndLogout"/>
  <testcase name="multipleJobSearch" time="52.628" classname="automationDailyReport.MultipleJobSearch"/>
  <testcase name="multipleJobSearch" time="35.996" classname="automationDailyReport.MultipleJobSearch"/>
  <testcase name="multipleJobSearch" time="34.951" classname="automationDailyReport.MultipleJobSearch"/>
  <testcase name="multipleJobSearch" time="38.731" classname="automationDailyReport.MultipleJobSearch"/>
  <testcase name="multipleJobSearch" time="42.015" classname="automationDailyReport.MultipleJobSearch"/>
</testsuite> <!-- Test -->
